<?xml version="1.0" encoding="UTF-8"?>
<!-- Generated by org.testng.reporters.JUnitXMLReporter -->
<testsuite ignored="1" hostname="LAPTOP-8OE36B81" failures="0" tests="2" name="Test1" time="0.043" errors="0" timestamp="2024-01-04T10:36:19 IST">
  <testcase classname="Testngdemo.TestNgDemo.NewTest" name="test1" time="0.006"/>
  <testcase classname="Testngdemo.TestNgDemo.NewTest" name="test6" time="0.001"/>
  <testcase classname="Testngdemo.TestNgDemo.NewTest" name="test2" time="0.0">
    <ignored/>
  </testcase> <!-- test2 -->
</testsuite> <!-- Test1 -->
